{"/Users/jonhks/Documents/Cursos/react-typescript-10+/rest-api-node-ts-server/src/router.ts": {"path":"/Users/jonhks/Documents/Cursos/react-typescript-10+/rest-api-node-ts-server/src/router.ts","statementMap":{"0":{"start":{"line":1,"column":0},"end":{"line":1,"column":33}},"1":{"start":{"line":2,"column":0},"end":{"line":2,"column":null}},"2":{"start":{"line":10,"column":0},"end":{"line":10,"column":48}},"3":{"start":{"line":11,"column":0},"end":{"line":11,"column":49}},"4":{"start":{"line":13,"column":15},"end":{"line":13,"column":23}},"5":{"start":{"line":15,"column":0},"end":{"line":15,"column":29}},"6":{"start":{"line":16,"column":0},"end":{"line":21,"column":2}},"7":{"start":{"line":23,"column":0},"end":{"line":37,"column":2}},"8":{"start":{"line":33,"column":23},"end":{"line":33,"column":32}},"9":{"start":{"line":39,"column":0},"end":{"line":57,"column":2}},"10":{"start":{"line":50,"column":23},"end":{"line":50,"column":32}},"11":{"start":{"line":59,"column":0},"end":{"line":64,"column":2}},"12":{"start":{"line":66,"column":0},"end":{"line":71,"column":2}},"13":{"start":{"line":73,"column":0},"end":{"line":73,"column":22}}},"fnMap":{"0":{"name":"(anonymous_0)","decl":{"start":{"line":33,"column":12},"end":{"line":33,"column":13}},"loc":{"start":{"line":33,"column":23},"end":{"line":33,"column":32}}},"1":{"name":"(anonymous_1)","decl":{"start":{"line":50,"column":12},"end":{"line":50,"column":13}},"loc":{"start":{"line":50,"column":23},"end":{"line":50,"column":32}}}},"branchMap":{},"s":{"0":2,"1":2,"2":2,"3":2,"4":2,"5":2,"6":2,"7":2,"8":4,"9":2,"10":1,"11":2,"12":2,"13":2},"f":{"0":4,"1":1},"b":{}}
,"/Users/jonhks/Documents/Cursos/react-typescript-10+/rest-api-node-ts-server/src/server.ts": {"path":"/Users/jonhks/Documents/Cursos/react-typescript-10+/rest-api-node-ts-server/src/server.ts","statementMap":{"0":{"start":{"line":1,"column":0},"end":{"line":1,"column":30}},"1":{"start":{"line":2,"column":0},"end":{"line":2,"column":30}},"2":{"start":{"line":3,"column":0},"end":{"line":3,"column":29}},"3":{"start":{"line":4,"column":0},"end":{"line":4,"column":28}},"4":{"start":{"line":7,"column":15},"end":{"line":7,"column":24}},"5":{"start":{"line":11,"column":25},"end":{"line":20,"column":1}},"6":{"start":{"line":12,"column":2},"end":{"line":19,"column":3}},"7":{"start":{"line":13,"column":4},"end":{"line":13,"column":28}},"8":{"start":{"line":14,"column":4},"end":{"line":14,"column":14}},"9":{"start":{"line":18,"column":4},"end":{"line":18,"column":71}},"10":{"start":{"line":11,"column":13},"end":{"line":11,"column":25}},"11":{"start":{"line":22,"column":0},"end":{"line":22,"column":12}},"12":{"start":{"line":25,"column":0},"end":{"line":25,"column":27}},"13":{"start":{"line":28,"column":0},"end":{"line":28,"column":36}},"14":{"start":{"line":30,"column":0},"end":{"line":32,"column":3}},"15":{"start":{"line":31,"column":2},"end":{"line":31,"column":33}},"16":{"start":{"line":34,"column":0},"end":{"line":34,"column":22}}},"fnMap":{"0":{"name":"(anonymous_1)","decl":{"start":{"line":11,"column":25},"end":{"line":11,"column":30}},"loc":{"start":{"line":11,"column":36},"end":{"line":20,"column":1}}},"1":{"name":"(anonymous_2)","decl":{"start":{"line":30,"column":19},"end":{"line":30,"column":20}},"loc":{"start":{"line":30,"column":32},"end":{"line":32,"column":1}}}},"branchMap":{},"s":{"0":2,"1":2,"2":2,"3":2,"4":2,"5":2,"6":3,"7":3,"8":2,"9":1,"10":2,"11":2,"12":2,"13":2,"14":2,"15":1,"16":2},"f":{"0":3,"1":1},"b":{}}
,"/Users/jonhks/Documents/Cursos/react-typescript-10+/rest-api-node-ts-server/src/config/db.ts": {"path":"/Users/jonhks/Documents/Cursos/react-typescript-10+/rest-api-node-ts-server/src/config/db.ts","statementMap":{"0":{"start":{"line":1,"column":0},"end":{"line":1,"column":49}},"1":{"start":{"line":2,"column":0},"end":{"line":2,"column":28}},"2":{"start":{"line":3,"column":0},"end":{"line":3,"column":16}},"3":{"start":{"line":5,"column":11},"end":{"line":8,"column":2}},"4":{"start":{"line":20,"column":0},"end":{"line":20,"column":18}}},"fnMap":{},"branchMap":{},"s":{"0":2,"1":2,"2":2,"3":2,"4":2},"f":{},"b":{}}
,"/Users/jonhks/Documents/Cursos/react-typescript-10+/rest-api-node-ts-server/src/handlers/product.ts": {"path":"/Users/jonhks/Documents/Cursos/react-typescript-10+/rest-api-node-ts-server/src/handlers/product.ts","statementMap":{"0":{"start":{"line":2,"column":0},"end":{"line":2,"column":47}},"1":{"start":{"line":4,"column":27},"end":{"line":14,"column":1}},"2":{"start":{"line":5,"column":2},"end":{"line":13,"column":3}},"3":{"start":{"line":6,"column":21},"end":{"line":9,"column":6}},"4":{"start":{"line":10,"column":4},"end":{"line":10,"column":33}},"5":{"start":{"line":12,"column":4},"end":{"line":12,"column":23}},"6":{"start":{"line":4,"column":13},"end":{"line":4,"column":27}},"7":{"start":{"line":15,"column":31},"end":{"line":30,"column":1}},"8":{"start":{"line":16,"column":2},"end":{"line":29,"column":3}},"9":{"start":{"line":17,"column":19},"end":{"line":17,"column":29}},"10":{"start":{"line":18,"column":20},"end":{"line":18,"column":46}},"11":{"start":{"line":20,"column":4},"end":{"line":25,"column":5}},"12":{"start":{"line":21,"column":6},"end":{"line":23,"column":9}},"13":{"start":{"line":24,"column":6},"end":{"line":24,"column":13}},"14":{"start":{"line":26,"column":4},"end":{"line":26,"column":32}},"15":{"start":{"line":28,"column":4},"end":{"line":28,"column":23}},"16":{"start":{"line":15,"column":13},"end":{"line":15,"column":31}},"17":{"start":{"line":32,"column":29},"end":{"line":39,"column":1}},"18":{"start":{"line":33,"column":2},"end":{"line":38,"column":3}},"19":{"start":{"line":34,"column":20},"end":{"line":34,"column":50}},"20":{"start":{"line":35,"column":4},"end":{"line":35,"column":44}},"21":{"start":{"line":37,"column":4},"end":{"line":37,"column":23}},"22":{"start":{"line":32,"column":13},"end":{"line":32,"column":29}},"23":{"start":{"line":41,"column":27},"end":{"line":68,"column":1}},"24":{"start":{"line":42,"column":2},"end":{"line":67,"column":3}},"25":{"start":{"line":43,"column":19},"end":{"line":43,"column":29}},"26":{"start":{"line":44,"column":20},"end":{"line":44,"column":46}},"27":{"start":{"line":46,"column":4},"end":{"line":51,"column":5}},"28":{"start":{"line":47,"column":6},"end":{"line":49,"column":9}},"29":{"start":{"line":50,"column":6},"end":{"line":50,"column":13}},"30":{"start":{"line":55,"column":4},"end":{"line":55,"column":26}},"31":{"start":{"line":62,"column":4},"end":{"line":62,"column":35}},"32":{"start":{"line":63,"column":4},"end":{"line":63,"column":25}},"33":{"start":{"line":64,"column":4},"end":{"line":64,"column":32}},"34":{"start":{"line":66,"column":4},"end":{"line":66,"column":23}},"35":{"start":{"line":41,"column":13},"end":{"line":41,"column":27}},"36":{"start":{"line":70,"column":34},"end":{"line":87,"column":1}},"37":{"start":{"line":71,"column":2},"end":{"line":86,"column":3}},"38":{"start":{"line":72,"column":19},"end":{"line":72,"column":29}},"39":{"start":{"line":73,"column":20},"end":{"line":73,"column":46}},"40":{"start":{"line":75,"column":4},"end":{"line":80,"column":5}},"41":{"start":{"line":76,"column":6},"end":{"line":78,"column":9}},"42":{"start":{"line":79,"column":6},"end":{"line":79,"column":13}},"43":{"start":{"line":81,"column":4},"end":{"line":81,"column":62}},"44":{"start":{"line":82,"column":4},"end":{"line":82,"column":25}},"45":{"start":{"line":83,"column":4},"end":{"line":83,"column":32}},"46":{"start":{"line":85,"column":4},"end":{"line":85,"column":23}},"47":{"start":{"line":70,"column":13},"end":{"line":70,"column":34}},"48":{"start":{"line":89,"column":29},"end":{"line":105,"column":1}},"49":{"start":{"line":90,"column":2},"end":{"line":104,"column":3}},"50":{"start":{"line":91,"column":19},"end":{"line":91,"column":29}},"51":{"start":{"line":92,"column":20},"end":{"line":92,"column":46}},"52":{"start":{"line":94,"column":4},"end":{"line":99,"column":5}},"53":{"start":{"line":95,"column":6},"end":{"line":97,"column":9}},"54":{"start":{"line":98,"column":6},"end":{"line":98,"column":13}},"55":{"start":{"line":100,"column":4},"end":{"line":100,"column":28}},"56":{"start":{"line":101,"column":4},"end":{"line":101,"column":45}},"57":{"start":{"line":103,"column":4},"end":{"line":103,"column":23}},"58":{"start":{"line":89,"column":13},"end":{"line":89,"column":29}}},"fnMap":{"0":{"name":"(anonymous_1)","decl":{"start":{"line":4,"column":27},"end":{"line":4,"column":32}},"loc":{"start":{"line":4,"column":65},"end":{"line":14,"column":1}}},"1":{"name":"(anonymous_2)","decl":{"start":{"line":15,"column":31},"end":{"line":15,"column":36}},"loc":{"start":{"line":15,"column":69},"end":{"line":30,"column":1}}},"2":{"name":"(anonymous_3)","decl":{"start":{"line":32,"column":29},"end":{"line":32,"column":34}},"loc":{"start":{"line":32,"column":67},"end":{"line":39,"column":1}}},"3":{"name":"(anonymous_4)","decl":{"start":{"line":41,"column":27},"end":{"line":41,"column":32}},"loc":{"start":{"line":41,"column":65},"end":{"line":68,"column":1}}},"4":{"name":"(anonymous_5)","decl":{"start":{"line":70,"column":34},"end":{"line":70,"column":39}},"loc":{"start":{"line":70,"column":72},"end":{"line":87,"column":1}}},"5":{"name":"(anonymous_6)","decl":{"start":{"line":89,"column":29},"end":{"line":89,"column":34}},"loc":{"start":{"line":89,"column":67},"end":{"line":105,"column":1}}}},"branchMap":{"0":{"loc":{"start":{"line":20,"column":4},"end":{"line":25,"column":5}},"type":"if","locations":[{"start":{"line":20,"column":4},"end":{"line":25,"column":5}}]},"1":{"loc":{"start":{"line":46,"column":4},"end":{"line":51,"column":5}},"type":"if","locations":[{"start":{"line":46,"column":4},"end":{"line":51,"column":5}}]},"2":{"loc":{"start":{"line":75,"column":4},"end":{"line":80,"column":5}},"type":"if","locations":[{"start":{"line":75,"column":4},"end":{"line":80,"column":5}}]},"3":{"loc":{"start":{"line":94,"column":4},"end":{"line":99,"column":5}},"type":"if","locations":[{"start":{"line":94,"column":4},"end":{"line":99,"column":5}}]}},"s":{"0":2,"1":2,"2":2,"3":2,"4":2,"5":0,"6":2,"7":2,"8":2,"9":2,"10":2,"11":2,"12":1,"13":1,"14":1,"15":0,"16":2,"17":2,"18":1,"19":1,"20":1,"21":0,"22":2,"23":2,"24":0,"25":0,"26":0,"27":0,"28":0,"29":0,"30":0,"31":0,"32":0,"33":0,"34":0,"35":2,"36":2,"37":0,"38":0,"39":0,"40":0,"41":0,"42":0,"43":0,"44":0,"45":0,"46":0,"47":2,"48":2,"49":0,"50":0,"51":0,"52":0,"53":0,"54":0,"55":0,"56":0,"57":0,"58":2},"f":{"0":2,"1":2,"2":1,"3":0,"4":0,"5":0},"b":{"0":[1],"1":[0],"2":[0],"3":[0]}}
,"/Users/jonhks/Documents/Cursos/react-typescript-10+/rest-api-node-ts-server/src/middleware/index.ts": {"path":"/Users/jonhks/Documents/Cursos/react-typescript-10+/rest-api-node-ts-server/src/middleware/index.ts","statementMap":{"0":{"start":{"line":2,"column":0},"end":{"line":2,"column":53}},"1":{"start":{"line":4,"column":33},"end":{"line":17,"column":1}},"2":{"start":{"line":9,"column":15},"end":{"line":9,"column":36}},"3":{"start":{"line":11,"column":2},"end":{"line":14,"column":3}},"4":{"start":{"line":12,"column":4},"end":{"line":12,"column":53}},"5":{"start":{"line":13,"column":4},"end":{"line":13,"column":11}},"6":{"start":{"line":15,"column":2},"end":{"line":15,"column":38}},"7":{"start":{"line":16,"column":2},"end":{"line":16,"column":9}},"8":{"start":{"line":4,"column":13},"end":{"line":4,"column":33}}},"fnMap":{"0":{"name":"(anonymous_0)","decl":{"start":{"line":4,"column":33},"end":{"line":4,"column":null}},"loc":{"start":{"line":8,"column":4},"end":{"line":17,"column":1}}}},"branchMap":{"0":{"loc":{"start":{"line":11,"column":2},"end":{"line":14,"column":3}},"type":"if","locations":[{"start":{"line":11,"column":2},"end":{"line":14,"column":3}}]}},"s":{"0":2,"1":2,"2":8,"3":8,"4":5,"5":5,"6":3,"7":3,"8":2},"f":{"0":8},"b":{"0":[5]}}
,"/Users/jonhks/Documents/Cursos/react-typescript-10+/rest-api-node-ts-server/src/models/Product.module.ts": {"path":"/Users/jonhks/Documents/Cursos/react-typescript-10+/rest-api-node-ts-server/src/models/Product.module.ts","statementMap":{"0":{"start":{"line":2,"column":0},"end":{"line":2,"column":79}},"1":{"start":{"line":8,"column":0},"end":{"line":24,"column":null}},"2":{"start":{"line":12,"column":10},"end":{"line":12,"column":null}},"3":{"start":{"line":17,"column":10},"end":{"line":17,"column":null}},"4":{"start":{"line":23,"column":10},"end":{"line":23,"column":null}},"5":{"start":{"line":8,"column":6},"end":{"line":24,"column":null}},"6":{"start":{"line":26,"column":0},"end":{"line":26,"column":23}}},"fnMap":{},"branchMap":{},"s":{"0":3,"1":3,"2":3,"3":3,"4":3,"5":3,"6":3},"f":{},"b":{}}
}
