TN:
SF:src/router.ts
FN:33,(anonymous_0)
FN:50,(anonymous_1)
FNF:2
FNH:2
FNDA:4,(anonymous_0)
FNDA:1,(anonymous_1)
DA:1,2
DA:2,2
DA:10,2
DA:11,2
DA:13,2
DA:15,2
DA:16,2
DA:23,2
DA:33,4
DA:39,2
DA:50,1
DA:59,2
DA:66,2
DA:73,2
LF:14
LH:14
BRF:0
BRH:0
end_of_record
TN:
SF:src/server.ts
FN:11,(anonymous_1)
FN:30,(anonymous_2)
FNF:2
FNH:2
FNDA:3,(anonymous_1)
FNDA:1,(anonymous_2)
DA:1,2
DA:2,2
DA:3,2
DA:4,2
DA:7,2
DA:11,2
DA:12,3
DA:13,3
DA:14,2
DA:18,1
DA:22,2
DA:25,2
DA:28,2
DA:30,2
DA:31,1
DA:34,2
LF:16
LH:16
BRF:0
BRH:0
end_of_record
TN:
SF:src/config/db.ts
FNF:0
FNH:0
DA:1,2
DA:2,2
DA:3,2
DA:5,2
DA:20,2
LF:5
LH:5
BRF:0
BRH:0
end_of_record
TN:
SF:src/handlers/product.ts
FN:4,(anonymous_1)
FN:15,(anonymous_2)
FN:32,(anonymous_3)
FN:41,(anonymous_4)
FN:70,(anonymous_5)
FN:89,(anonymous_6)
FNF:6
FNH:3
FNDA:2,(anonymous_1)
FNDA:2,(anonymous_2)
FNDA:1,(anonymous_3)
FNDA:0,(anonymous_4)
FNDA:0,(anonymous_5)
FNDA:0,(anonymous_6)
DA:2,2
DA:4,2
DA:5,2
DA:6,2
DA:10,2
DA:12,0
DA:15,2
DA:16,2
DA:17,2
DA:18,2
DA:20,2
DA:21,1
DA:24,1
DA:26,1
DA:28,0
DA:32,2
DA:33,1
DA:34,1
DA:35,1
DA:37,0
DA:41,2
DA:42,0
DA:43,0
DA:44,0
DA:46,0
DA:47,0
DA:50,0
DA:55,0
DA:62,0
DA:63,0
DA:64,0
DA:66,0
DA:70,2
DA:71,0
DA:72,0
DA:73,0
DA:75,0
DA:76,0
DA:79,0
DA:81,0
DA:82,0
DA:83,0
DA:85,0
DA:89,2
DA:90,0
DA:91,0
DA:92,0
DA:94,0
DA:95,0
DA:98,0
DA:100,0
DA:101,0
DA:103,0
LF:53
LH:20
BRDA:20,0,0,1
BRDA:46,1,0,0
BRDA:75,2,0,0
BRDA:94,3,0,0
BRF:4
BRH:1
end_of_record
TN:
SF:src/middleware/index.ts
FN:4,(anonymous_0)
FNF:1
FNH:1
FNDA:8,(anonymous_0)
DA:2,2
DA:4,2
DA:9,8
DA:11,8
DA:12,5
DA:13,5
DA:15,3
DA:16,3
LF:8
LH:8
BRDA:11,0,0,5
BRF:1
BRH:1
end_of_record
TN:
SF:src/models/Product.module.ts
FNF:0
FNH:0
DA:2,3
DA:8,3
DA:12,3
DA:17,3
DA:23,3
DA:26,3
LF:6
LH:6
BRF:0
BRH:0
end_of_record
